  Cells.cpp
C:\Users\n_kin\OneDrive\Documents\GitHub\Cells\Cells\ReactionSpace.h(2,10): warning C4067: unexpected tokens following preprocessor directive - expected a newline
C:\Users\n_kin\OneDrive\Documents\GitHub\Cells\Cells\Cells.cpp(328,68): warning C4267: '+=': conversion from 'size_t' to 'int', possible loss of data
C:\Users\n_kin\OneDrive\Documents\GitHub\Cells\Cells\Cells.cpp(330,76): warning C4267: 'initializing': conversion from 'size_t' to 'int', possible loss of data
C:\Users\n_kin\OneDrive\Documents\GitHub\Cells\Cells\Cells.cpp(336,48): warning C4267: 'argument': conversion from 'size_t' to 'int', possible loss of data
C:\Users\n_kin\OneDrive\Documents\GitHub\Cells\Cells\Cells.cpp(379,100): warning C4267: 'argument': conversion from 'size_t' to 'int', possible loss of data
C:\Users\n_kin\OneDrive\Documents\GitHub\Cells\Cells\Utilities.h(41,1): warning C4267: 'initializing': conversion from 'size_t' to 'int', possible loss of data
C:\Users\n_kin\OneDrive\Documents\GitHub\Cells\Cells\Cells.cpp(379,100): message : see reference to function template instantiation 'void FastDisconnect<U,T>(ConnectionNode<U,T> *,int)' being compiled
          with
          [
              U=Sector *,
              T=Organelle *
          ]
C:\Program Files\Microsoft Visual Studio\2022\Community\VC\Tools\MSVC\14.34.31933\include\xutility(224,49): warning C4267: 'initializing': conversion from 'size_t' to 'int', possible loss of data
C:\Program Files\Microsoft Visual Studio\2022\Community\VC\Tools\MSVC\14.34.31933\include\vector(852,1): message : see reference to function template instantiation 'void std::_Construct_in_place<int,size_t&>(_Ty &,size_t &) noexcept' being compiled
          with
          [
              _Ty=int
          ]
C:\Program Files\Microsoft Visual Studio\2022\Community\VC\Tools\MSVC\14.34.31933\include\vector(839,1): message : see reference to function template instantiation '_Ty &std::vector<_Ty,std::allocator<_Ty>>::_Emplace_back_with_unused_capacity<size_t&>(size_t &)' being compiled
          with
          [
              _Ty=int
          ]
C:\Program Files\Microsoft Visual Studio\2022\Community\VC\Tools\MSVC\14.34.31933\include\vector(845,13): message : see reference to function template instantiation '_Ty &std::vector<_Ty,std::allocator<_Ty>>::_Emplace_back_with_unused_capacity<size_t&>(size_t &)' being compiled
          with
          [
              _Ty=int
          ]
C:\Program Files\Microsoft Visual Studio\2022\Community\VC\Tools\MSVC\14.34.31933\include\vector(925,1): message : see reference to function template instantiation '_Ty &std::vector<_Ty,std::allocator<_Ty>>::_Emplace_one_at_back<size_t&>(size_t &)' being compiled
          with
          [
              _Ty=int
          ]
C:\Program Files\Microsoft Visual Studio\2022\Community\VC\Tools\MSVC\14.34.31933\include\vector(927,14): message : see reference to function template instantiation '_Ty &std::vector<_Ty,std::allocator<_Ty>>::_Emplace_one_at_back<size_t&>(size_t &)' being compiled
          with
          [
              _Ty=int
          ]
C:\Users\n_kin\OneDrive\Documents\GitHub\Cells\Cells\Cells.cpp(327,42): message : see reference to function template instantiation 'void std::vector<int,std::allocator<int>>::emplace_back<size_t&>(size_t &)' being compiled
C:\Program Files\Microsoft Visual Studio\2022\Community\VC\Tools\MSVC\14.34.31933\include\xmemory(673,1): warning C4267: 'initializing': conversion from 'size_t' to '_Objty', possible loss of data
          with
          [
              _Objty=int
          ]
C:\Program Files\Microsoft Visual Studio\2022\Community\VC\Tools\MSVC\14.34.31933\include\vector(875,1): message : see reference to function template instantiation 'void std::_Default_allocator_traits<_Alloc>::construct<_Ty,size_t&>(_Alloc &,_Objty *const ,size_t &)' being compiled
          with
          [
              _Alloc=std::allocator<int>,
              _Ty=int,
              _Objty=int
          ]
C:\Program Files\Microsoft Visual Studio\2022\Community\VC\Tools\MSVC\14.34.31933\include\vector(899,32): message : see reference to function template instantiation 'void std::_Default_allocator_traits<_Alloc>::construct<_Ty,size_t&>(_Alloc &,_Objty *const ,size_t &)' being compiled
          with
          [
              _Alloc=std::allocator<int>,
              _Ty=int,
              _Objty=int
          ]
C:\Program Files\Microsoft Visual Studio\2022\Community\VC\Tools\MSVC\14.34.31933\include\vector(839,1): message : see reference to function template instantiation 'int *std::vector<int,std::allocator<int>>::_Emplace_reallocate<size_t&>(int *const ,size_t &)' being compiled
C:\Program Files\Microsoft Visual Studio\2022\Community\VC\Tools\MSVC\14.34.31933\include\vector(848,9): message : see reference to function template instantiation 'int *std::vector<int,std::allocator<int>>::_Emplace_reallocate<size_t&>(int *const ,size_t &)' being compiled
  Compound.cpp
C:\Users\n_kin\OneDrive\Documents\GitHub\Cells\Cells\ReactionSpace.h(2,10): warning C4067: unexpected tokens following preprocessor directive - expected a newline
  Display.cpp
C:\Users\n_kin\OneDrive\Documents\GitHub\Cells\Cells\ReactionSpace.h(2,10): warning C4067: unexpected tokens following preprocessor directive - expected a newline
C:\Users\n_kin\OneDrive\Documents\GitHub\Cells\Cells\Display.cpp(31,60): warning C4018: '<': signed/unsigned mismatch
C:\Users\n_kin\OneDrive\Documents\GitHub\Cells\Cells\Display.cpp(31,100): warning C4018: '<': signed/unsigned mismatch
C:\Users\n_kin\OneDrive\Documents\GitHub\Cells\Cells\Display.cpp(80,62): warning C4244: 'argument': conversion from 'int' to 'float', possible loss of data
C:\Users\n_kin\OneDrive\Documents\GitHub\Cells\Cells\Display.cpp(80,40): warning C4244: 'argument': conversion from 'int' to 'float', possible loss of data
C:\Users\n_kin\OneDrive\Documents\GitHub\Cells\Cells\Display.cpp(107,123): warning C4244: 'argument': conversion from 'int' to 'float', possible loss of data
C:\Users\n_kin\OneDrive\Documents\GitHub\Cells\Cells\Display.cpp(107,67): warning C4244: 'argument': conversion from 'int' to 'float', possible loss of data
C:\Users\n_kin\OneDrive\Documents\GitHub\Cells\Cells\Display.cpp(112,110): warning C4244: 'argument': conversion from 'int' to 'float', possible loss of data
C:\Users\n_kin\OneDrive\Documents\GitHub\Cells\Cells\Display.cpp(112,66): warning C4244: 'argument': conversion from 'int' to 'float', possible loss of data
C:\Users\n_kin\OneDrive\Documents\GitHub\Cells\Cells\Display.cpp(114,47): warning C4244: 'argument': conversion from 'double' to 'float', possible loss of data
C:\Users\n_kin\OneDrive\Documents\GitHub\Cells\Cells\Display.cpp(114,35): warning C4244: 'argument': conversion from 'double' to 'float', possible loss of data
C:\Users\n_kin\OneDrive\Documents\GitHub\Cells\Cells\Display.cpp(168,40): warning C4244: 'argument': conversion from 'int' to 'float', possible loss of data
C:\Users\n_kin\OneDrive\Documents\GitHub\Cells\Cells\Display.cpp(170,47): warning C4244: 'argument': conversion from 'double' to 'float', possible loss of data
C:\Users\n_kin\OneDrive\Documents\GitHub\Cells\Cells\Display.cpp(172,56): warning C4244: 'argument': conversion from 'T' to 'float', possible loss of data
          with
          [
              T=int
          ]
C:\Users\n_kin\OneDrive\Documents\GitHub\Cells\Cells\Display.cpp(172,42): warning C4244: 'argument': conversion from 'T' to 'float', possible loss of data
          with
          [
              T=int
          ]
  Element.cpp
  EntropyManager.cpp
C:\Users\n_kin\OneDrive\Documents\GitHub\Cells\Cells\ReactionSpace.h(2,10): warning C4067: unexpected tokens following preprocessor directive - expected a newline
  Factory.cpp
  Generator.cpp
  GeneticsManager.cpp
C:\Users\n_kin\OneDrive\Documents\GitHub\Cells\Cells\ReactionSpace.h(2,10): warning C4067: unexpected tokens following preprocessor directive - expected a newline
C:\Users\n_kin\OneDrive\Documents\GitHub\Cells\Cells\GeneticsManager.cpp(148,18): warning C4309: '=': truncation of constant value
C:\Users\n_kin\OneDrive\Documents\GitHub\Cells\Cells\GeneticsManager.cpp(151,17): warning C4309: '=': truncation of constant value
C:\Users\n_kin\OneDrive\Documents\GitHub\Cells\Cells\GeneticsManager.cpp(161,17): warning C4309: '=': truncation of constant value
C:\Users\n_kin\OneDrive\Documents\GitHub\Cells\Cells\GeneticsManager.cpp(171,17): warning C4309: '=': truncation of constant value
C:\Program Files\Microsoft Visual Studio\2022\Community\VC\Tools\MSVC\14.34.31933\include\xutility(224,49): warning C4267: 'initializing': conversion from 'size_t' to 'int', possible loss of data
C:\Program Files\Microsoft Visual Studio\2022\Community\VC\Tools\MSVC\14.34.31933\include\vector(852,1): message : see reference to function template instantiation 'void std::_Construct_in_place<int,_Ty>(int &,_Ty &&) noexcept' being compiled
          with
          [
              _Ty=size_t
          ]
C:\Program Files\Microsoft Visual Studio\2022\Community\VC\Tools\MSVC\14.34.31933\include\vector(839,1): message : see reference to function template instantiation '_Ty &std::vector<_Ty,std::allocator<_Ty>>::_Emplace_back_with_unused_capacity<unsigned __int64>(unsigned __int64 &&)' being compiled
          with
          [
              _Ty=int
          ]
C:\Program Files\Microsoft Visual Studio\2022\Community\VC\Tools\MSVC\14.34.31933\include\vector(845,13): message : see reference to function template instantiation '_Ty &std::vector<_Ty,std::allocator<_Ty>>::_Emplace_back_with_unused_capacity<unsigned __int64>(unsigned __int64 &&)' being compiled
          with
          [
              _Ty=int
          ]
C:\Program Files\Microsoft Visual Studio\2022\Community\VC\Tools\MSVC\14.34.31933\include\vector(925,1): message : see reference to function template instantiation '_Ty &std::vector<_Ty,std::allocator<_Ty>>::_Emplace_one_at_back<unsigned __int64>(unsigned __int64 &&)' being compiled
          with
          [
              _Ty=int
          ]
C:\Program Files\Microsoft Visual Studio\2022\Community\VC\Tools\MSVC\14.34.31933\include\vector(927,14): message : see reference to function template instantiation '_Ty &std::vector<_Ty,std::allocator<_Ty>>::_Emplace_one_at_back<unsigned __int64>(unsigned __int64 &&)' being compiled
          with
          [
              _Ty=int
          ]
C:\Users\n_kin\OneDrive\Documents\GitHub\Cells\Cells\GeneticsManager.cpp(379,45): message : see reference to function template instantiation 'void std::vector<int,std::allocator<int>>::emplace_back<size_t>(size_t &&)' being compiled
C:\Program Files\Microsoft Visual Studio\2022\Community\VC\Tools\MSVC\14.34.31933\include\xmemory(673,1): warning C4267: 'initializing': conversion from 'size_t' to '_Objty', possible loss of data
          with
          [
              _Objty=int
          ]
C:\Program Files\Microsoft Visual Studio\2022\Community\VC\Tools\MSVC\14.34.31933\include\vector(875,1): message : see reference to function template instantiation 'void std::_Default_allocator_traits<_Alloc>::construct<_Ty,unsigned __int64>(_Alloc &,_Objty *const ,unsigned __int64 &&)' being compiled
          with
          [
              _Alloc=std::allocator<int>,
              _Ty=int,
              _Objty=int
          ]
C:\Program Files\Microsoft Visual Studio\2022\Community\VC\Tools\MSVC\14.34.31933\include\vector(899,32): message : see reference to function template instantiation 'void std::_Default_allocator_traits<_Alloc>::construct<_Ty,unsigned __int64>(_Alloc &,_Objty *const ,unsigned __int64 &&)' being compiled
          with
          [
              _Alloc=std::allocator<int>,
              _Ty=int,
              _Objty=int
          ]
C:\Program Files\Microsoft Visual Studio\2022\Community\VC\Tools\MSVC\14.34.31933\include\vector(839,1): message : see reference to function template instantiation 'int *std::vector<int,std::allocator<int>>::_Emplace_reallocate<_Ty>(int *const ,_Ty &&)' being compiled
          with
          [
              _Ty=size_t
          ]
C:\Program Files\Microsoft Visual Studio\2022\Community\VC\Tools\MSVC\14.34.31933\include\vector(848,9): message : see reference to function template instantiation 'int *std::vector<int,std::allocator<int>>::_Emplace_reallocate<_Ty>(int *const ,_Ty &&)' being compiled
          with
          [
              _Ty=size_t
          ]
  HexGrids.cpp
C:\Users\n_kin\OneDrive\Documents\GitHub\Cells\Cells\ReactionSpace.h(2,10): warning C4067: unexpected tokens following preprocessor directive - expected a newline
  Membrane.cpp
  Muscle.cpp
  NeuralNet.cpp
  Organelle.cpp
C:\Users\n_kin\OneDrive\Documents\GitHub\Cells\Cells\ReactionSpace.h(2,10): warning C4067: unexpected tokens following preprocessor directive - expected a newline
C:\Users\n_kin\OneDrive\Documents\GitHub\Cells\Cells\Organelle.cpp(207,64): warning C4244: 'argument': conversion from 'double' to 'int', possible loss of data
C:\Users\n_kin\OneDrive\Documents\GitHub\Cells\Cells\Organelle.cpp(207,39): warning C4244: 'argument': conversion from 'double' to 'int', possible loss of data
C:\Users\n_kin\OneDrive\Documents\GitHub\Cells\Cells\Organelle.cpp(219,64): warning C4244: 'argument': conversion from 'double' to 'int', possible loss of data
C:\Users\n_kin\OneDrive\Documents\GitHub\Cells\Cells\Organelle.cpp(219,39): warning C4244: 'argument': conversion from 'double' to 'int', possible loss of data
C:\Users\n_kin\OneDrive\Documents\GitHub\Cells\Cells\Organelle.cpp(239,99): warning C4244: 'argument': conversion from 'double' to 'int', possible loss of data
C:\Users\n_kin\OneDrive\Documents\GitHub\Cells\Cells\Organelle.cpp(239,65): warning C4244: 'argument': conversion from 'double' to 'int', possible loss of data
C:\Users\n_kin\OneDrive\Documents\GitHub\Cells\Cells\Organelle.cpp(239,40): warning C4244: 'argument': conversion from 'double' to 'int', possible loss of data
C:\Users\n_kin\OneDrive\Documents\GitHub\Cells\Cells\Organelle.cpp(255,84): warning C4244: 'argument': conversion from 'double' to 'int', possible loss of data
C:\Users\n_kin\OneDrive\Documents\GitHub\Cells\Cells\Organelle.cpp(255,59): warning C4244: 'argument': conversion from 'double' to 'int', possible loss of data
C:\Users\n_kin\OneDrive\Documents\GitHub\Cells\Cells\Organelle.cpp(271,65): warning C4244: 'argument': conversion from 'double' to 'int', possible loss of data
C:\Users\n_kin\OneDrive\Documents\GitHub\Cells\Cells\Organelle.cpp(271,40): warning C4244: 'argument': conversion from 'double' to 'int', possible loss of data
C:\Users\n_kin\OneDrive\Documents\GitHub\Cells\Cells\Organelle.cpp(310,52): warning C4267: 'argument': conversion from 'size_t' to 'int', possible loss of data
C:\Users\n_kin\OneDrive\Documents\GitHub\Cells\Cells\Organelle.cpp(376,31): warning C4267: 'initializing': conversion from 'size_t' to 'int', possible loss of data
C:\Users\n_kin\OneDrive\Documents\GitHub\Cells\Cells\Organelle.cpp(464,52): warning C4267: 'initializing': conversion from 'size_t' to 'int', possible loss of data
C:\Users\n_kin\OneDrive\Documents\GitHub\Cells\Cells\Organelle.cpp(489,41): warning C4244: 'argument': conversion from 'double' to 'float', possible loss of data
C:\Users\n_kin\OneDrive\Documents\GitHub\Cells\Cells\Organelle.cpp(491,35): warning C4244: 'argument': conversion from 'double' to 'float', possible loss of data
C:\Users\n_kin\OneDrive\Documents\GitHub\Cells\Cells\Organelle.cpp(493,76): warning C4244: 'argument': conversion from 'int' to 'float', possible loss of data
C:\Users\n_kin\OneDrive\Documents\GitHub\Cells\Cells\Organelle.cpp(493,36): warning C4244: 'argument': conversion from 'int' to 'float', possible loss of data
C:\Users\n_kin\OneDrive\Documents\GitHub\Cells\Cells\Organelle.cpp(494,54): warning C4244: 'argument': conversion from 'double' to 'float', possible loss of data
C:\Users\n_kin\OneDrive\Documents\GitHub\Cells\Cells\Organelle.cpp(494,33): warning C4244: 'argument': conversion from 'double' to 'float', possible loss of data
C:\Users\n_kin\OneDrive\Documents\GitHub\Cells\Cells\Organelle.cpp(500,71): warning C4244: 'argument': conversion from 'int' to 'T', possible loss of data
          with
          [
              T=float
          ]
C:\Users\n_kin\OneDrive\Documents\GitHub\Cells\Cells\Organelle.cpp(500,42): warning C4244: 'argument': conversion from 'int' to 'T', possible loss of data
          with
          [
              T=float
          ]
C:\Users\n_kin\OneDrive\Documents\GitHub\Cells\Cells\Organelle.cpp(501,76): warning C4244: 'argument': conversion from 'int' to 'T', possible loss of data
          with
          [
              T=float
          ]
C:\Users\n_kin\OneDrive\Documents\GitHub\Cells\Cells\Organelle.cpp(501,42): warning C4244: 'argument': conversion from 'int' to 'T', possible loss of data
          with
          [
              T=float
          ]
C:\Users\n_kin\OneDrive\Documents\GitHub\Cells\Cells\Organelle.cpp(782,2): warning C4267: 'initializing': conversion from 'size_t' to 'int', possible loss of data
C:\Users\n_kin\OneDrive\Documents\GitHub\Cells\Cells\Organelle.cpp(837,3): warning C4267: 'initializing': conversion from 'size_t' to 'int', possible loss of data
C:\Users\n_kin\OneDrive\Documents\GitHub\Cells\Cells\Utilities.h(41,1): warning C4267: 'initializing': conversion from 'size_t' to 'int', possible loss of data
C:\Users\n_kin\OneDrive\Documents\GitHub\Cells\Cells\Organelle.cpp(775,37): message : see reference to function template instantiation 'void FastDisconnect<Organelle*,Organelle*>(ConnectionNode<Organelle *,Organelle *> *,int)' being compiled
  Organism.cpp
  ReactionManager.cpp
C:\Users\n_kin\OneDrive\Documents\GitHub\Cells\Cells\ReactionSpace.h(2,10): warning C4067: unexpected tokens following preprocessor directive - expected a newline
  ReactionSpace.cpp
C:\Users\n_kin\OneDrive\Documents\GitHub\Cells\Cells\ReactionSpace.h(2,10): warning C4067: unexpected tokens following preprocessor directive - expected a newline
  Sector.cpp
C:\Users\n_kin\OneDrive\Documents\GitHub\Cells\Cells\ReactionSpace.h(2,10): warning C4067: unexpected tokens following preprocessor directive - expected a newline
  Universe.cpp
C:\Users\n_kin\OneDrive\Documents\GitHub\Cells\Cells\ReactionSpace.h(2,10): warning C4067: unexpected tokens following preprocessor directive - expected a newline
  Utilities.cpp
  Generating Code...
  Cells.vcxproj -> C:\Users\n_kin\OneDrive\Documents\GitHub\Cells\Cells\x64\Debug\Cells.exe
